<?xml version="1.0" encoding="UTF-8"?>
<!-- Generated by org.testng.reporters.JUnitXMLReporter -->
<testsuite ignored="0" hostname="DESKTOP-J2U4NGA" failures="0" tests="3" name="Default test" time="35.985" errors="0" timestamp="27 Sep 2018 21:03:16 GMT">
  <testcase classname="com.crm.qa.testcases.LoginpageTest" name="CRMlogoTest" time="0.109"/>
  <testcase classname="com.crm.qa.testcases.LoginpageTest" name="LoginPageTitleTest" time="0.009"/>
  <testcase classname="com.crm.qa.testcases.LoginpageTest" name="LoginTest" time="9.362"/>
</testsuite> <!-- Default test -->
