<?xml version="1.0" encoding="UTF-8"?>
<testng-results ignored="0" total="3" passed="3" failed="0" skipped="0">
  <reporter-output>
  </reporter-output>
  <suite started-at="2018-09-27T21:02:40Z" name="Default suite" finished-at="2018-09-27T21:03:16Z" duration-ms="35985">
    <groups>
    </groups>
    <test started-at="2018-09-27T21:02:40Z" name="Default test" finished-at="2018-09-27T21:03:16Z" duration-ms="35985">
      <class name="com.crm.qa.testcases.LoginpageTest">
        <test-method is-config="true" signature="setUp()[pri:0, instance:com.crm.qa.testcases.LoginpageTest@5aebe890]" started-at="2018-09-27T14:02:40Z" name="setUp" finished-at="2018-09-27T14:02:47Z" duration-ms="6645" status="PASS">
          <reporter-output>
          </reporter-output>
        </test-method> <!-- setUp -->
        <test-method signature="CRMlogoTest()[pri:0, instance:com.crm.qa.testcases.LoginpageTest@5aebe890]" started-at="2018-09-27T14:02:47Z" name="CRMlogoTest" finished-at="2018-09-27T14:02:47Z" duration-ms="109" status="PASS">
          <reporter-output>
          </reporter-output>
        </test-method> <!-- CRMlogoTest -->
        <test-method is-config="true" signature="tearDown()[pri:0, instance:com.crm.qa.testcases.LoginpageTest@5aebe890]" started-at="2018-09-27T14:02:47Z" name="tearDown" finished-at="2018-09-27T14:02:47Z" duration-ms="717" status="PASS">
          <reporter-output>
          </reporter-output>
        </test-method> <!-- tearDown -->
        <test-method is-config="true" signature="setUp()[pri:0, instance:com.crm.qa.testcases.LoginpageTest@5aebe890]" started-at="2018-09-27T14:02:47Z" name="setUp" finished-at="2018-09-27T14:02:58Z" duration-ms="10621" status="PASS">
          <reporter-output>
          </reporter-output>
        </test-method> <!-- setUp -->
        <test-method signature="LoginPageTitleTest()[pri:0, instance:com.crm.qa.testcases.LoginpageTest@5aebe890]" started-at="2018-09-27T14:02:58Z" name="LoginPageTitleTest" finished-at="2018-09-27T14:02:58Z" duration-ms="9" status="PASS">
          <reporter-output>
          </reporter-output>
        </test-method> <!-- LoginPageTitleTest -->
        <test-method is-config="true" signature="tearDown()[pri:0, instance:com.crm.qa.testcases.LoginpageTest@5aebe890]" started-at="2018-09-27T14:02:58Z" name="tearDown" finished-at="2018-09-27T14:02:59Z" duration-ms="707" status="PASS">
          <reporter-output>
          </reporter-output>
        </test-method> <!-- tearDown -->
        <test-method is-config="true" signature="setUp()[pri:0, instance:com.crm.qa.testcases.LoginpageTest@5aebe890]" started-at="2018-09-27T14:02:59Z" name="setUp" finished-at="2018-09-27T14:03:05Z" duration-ms="6548" status="PASS">
          <reporter-output>
          </reporter-output>
        </test-method> <!-- setUp -->
        <test-method signature="LoginTest()[pri:0, instance:com.crm.qa.testcases.LoginpageTest@5aebe890]" started-at="2018-09-27T14:03:05Z" name="LoginTest" finished-at="2018-09-27T14:03:15Z" duration-ms="9362" status="PASS">
          <reporter-output>
          </reporter-output>
        </test-method> <!-- LoginTest -->
        <test-method is-config="true" signature="tearDown()[pri:0, instance:com.crm.qa.testcases.LoginpageTest@5aebe890]" started-at="2018-09-27T14:03:15Z" name="tearDown" finished-at="2018-09-27T14:03:16Z" duration-ms="1249" status="PASS">
          <reporter-output>
          </reporter-output>
        </test-method> <!-- tearDown -->
      </class> <!-- com.crm.qa.testcases.LoginpageTest -->
    </test> <!-- Default test -->
  </suite> <!-- Default suite -->
</testng-results>
